# JRE version: Java(TM) SE Runtime Environment (8.0_251-b08) (build 1.8.0_251-b08)
# Java VM: Java HotSpot(TM) 64-Bit Server VM (25.251-b08 mixed mode windows-amd64 compressed oops)
Heap:
 PSYoungGen      total 222720K, used 103806K [0x00000000d6900000, 0x00000000e5e00000, 0x0000000100000000)
  eden space 199168K, 43% used [0x00000000d6900000,0x00000000dbca6ad8,0x00000000e2b80000)
  from space 23552K, 77% used [0x00000000e4400000,0x00000000e55b9050,0x00000000e5b00000)
  to   space 25088K, 0% used [0x00000000e2b80000,0x00000000e2b80000,0x00000000e4400000)
 ParOldGen       total 60928K, used 44167K [0x0000000083a00000, 0x0000000087580000, 0x00000000d6900000)
  object space 60928K, 72% used [0x0000000083a00000,0x0000000086521fc0,0x0000000087580000)
 Metaspace       used 30468K, capacity 31086K, committed 31152K, reserved 1077248K
  class space    used 3561K, capacity 3720K, committed 3760K, reserved 1048576K
GC Heap History (10 events):
Event: 5.833 GC heap before
{Heap before GC invocations=9 (full 1):
 PSYoungGen      total 73728K, used 73719K [0x00000000d6900000, 0x00000000de280000, 0x0000000100000000)
  eden space 64000K, 100% used [0x00000000d6900000,0x00000000da780000,0x00000000da780000)
  from space 9728K, 99% used [0x00000000da780000,0x00000000db0fdf48,0x00000000db100000)
  to   space 11776K, 0% used [0x00000000dd700000,0x00000000dd700000,0x00000000de280000)
 ParOldGen       total 60928K, used 11247K [0x0000000083a00000, 0x0000000087580000, 0x00000000d6900000)
  object space 60928K, 18% used [0x0000000083a00000,0x00000000844fbf80,0x0000000087580000)
 Metaspace       used 29795K, capacity 30454K, committed 30512K, reserved 1077248K
  class space    used 3491K, capacity 3617K, committed 3632K, reserved 1048576K
Event: 5.846 GC heap after
Heap after GC invocations=9 (full 1):
 PSYoungGen      total 108544K, used 11760K [0x00000000d6900000, 0x00000000deb00000, 0x0000000100000000)
  eden space 96768K, 0% used [0x00000000d6900000,0x00000000d6900000,0x00000000dc780000)
  from space 11776K, 99% used [0x00000000dd700000,0x00000000de27c3c8,0x00000000de280000)
  to   space 15872K, 0% used [0x00000000dc780000,0x00000000dc780000,0x00000000dd700000)
 ParOldGen       total 60928K, used 17232K [0x0000000083a00000, 0x0000000087580000, 0x00000000d6900000)
  object space 60928K, 28% used [0x0000000083a00000,0x0000000084ad42d0,0x0000000087580000)
 Metaspace       used 29795K, capacity 30454K, committed 30512K, reserved 1077248K
  class space    used 3491K, capacity 3617K, committed 3632K, reserved 1048576K
}
Event: 6.128 GC heap before
{Heap before GC invocations=10 (full 1):
 PSYoungGen      total 108544K, used 108528K [0x00000000d6900000, 0x00000000deb00000, 0x0000000100000000)
  eden space 96768K, 100% used [0x00000000d6900000,0x00000000dc780000,0x00000000dc780000)
  from space 11776K, 99% used [0x00000000dd700000,0x00000000de27c3c8,0x00000000de280000)
  to   space 15872K, 0% used [0x00000000dc780000,0x00000000dc780000,0x00000000dd700000)
 ParOldGen       total 60928K, used 17232K [0x0000000083a00000, 0x0000000087580000, 0x00000000d6900000)
  object space 60928K, 28% used [0x0000000083a00000,0x0000000084ad42d0,0x0000000087580000)
 Metaspace       used 29890K, capacity 30518K, committed 30768K, reserved 1077248K
  class space    used 3491K, capacity 3617K, committed 3632K, reserved 1048576K
Event: 6.141 GC heap after
Heap after GC invocations=10 (full 1):
 PSYoungGen      total 112640K, used 15866K [0x00000000d6900000, 0x00000000e1780000, 0x0000000100000000)
  eden space 96768K, 0% used [0x00000000d6900000,0x00000000d6900000,0x00000000dc780000)
  from space 15872K, 99% used [0x00000000dc780000,0x00000000dd6fe8c0,0x00000000dd700000)
  to   space 20992K, 0% used [0x00000000e0300000,0x00000000e0300000,0x00000000e1780000)
 ParOldGen       total 60928K, used 25304K [0x0000000083a00000, 0x0000000087580000, 0x00000000d6900000)
  object space 60928K, 41% used [0x0000000083a00000,0x00000000852b6270,0x0000000087580000)
 Metaspace       used 29890K, capacity 30518K, committed 30768K, reserved 1077248K
  class space    used 3491K, capacity 3617K, committed 3632K, reserved 1048576K
}
Event: 6.347 GC heap before
{Heap before GC invocations=11 (full 1):
 PSYoungGen      total 112640K, used 112634K [0x00000000d6900000, 0x00000000e1780000, 0x0000000100000000)
  eden space 96768K, 100% used [0x00000000d6900000,0x00000000dc780000,0x00000000dc780000)
  from space 15872K, 99% used [0x00000000dc780000,0x00000000dd6fe8c0,0x00000000dd700000)
  to   space 20992K, 0% used [0x00000000e0300000,0x00000000e0300000,0x00000000e1780000)
 ParOldGen       total 60928K, used 25304K [0x0000000083a00000, 0x0000000087580000, 0x00000000d6900000)
  object space 60928K, 41% used [0x0000000083a00000,0x00000000852b6270,0x0000000087580000)
 Metaspace       used 29905K, capacity 30528K, committed 30768K, reserved 1077248K
  class space    used 3493K, capacity 3619K, committed 3632K, reserved 1048576K
Event: 6.361 GC heap after
Heap after GC invocations=11 (full 1):
 PSYoungGen      total 156672K, used 15708K [0x00000000d6900000, 0x00000000e1e00000, 0x0000000100000000)
  eden space 135680K, 0% used [0x00000000d6900000,0x00000000d6900000,0x00000000ded80000)
  from space 20992K, 74% used [0x00000000e0300000,0x00000000e1257190,0x00000000e1780000)
  to   space 22016K, 0% used [0x00000000ded80000,0x00000000ded80000,0x00000000e0300000)
 ParOldGen       total 60928K, used 37021K [0x0000000083a00000, 0x0000000087580000, 0x00000000d6900000)
  object space 60928K, 60% used [0x0000000083a00000,0x0000000085e276f8,0x0000000087580000)
 Metaspace       used 29905K, capacity 30528K, committed 30768K, reserved 1077248K
  class space    used 3493K, capacity 3619K, committed 3632K, reserved 1048576K
}
Event: 6.639 GC heap before
{Heap before GC invocations=12 (full 1):
 PSYoungGen      total 156672K, used 151388K [0x00000000d6900000, 0x00000000e1e00000, 0x0000000100000000)
  eden space 135680K, 100% used [0x00000000d6900000,0x00000000ded80000,0x00000000ded80000)
  from space 20992K, 74% used [0x00000000e0300000,0x00000000e1257190,0x00000000e1780000)
  to   space 22016K, 0% used [0x00000000ded80000,0x00000000ded80000,0x00000000e0300000)
 ParOldGen       total 60928K, used 37021K [0x0000000083a00000, 0x0000000087580000, 0x00000000d6900000)
  object space 60928K, 60% used [0x0000000083a00000,0x0000000085e276f8,0x0000000087580000)
 Metaspace       used 29905K, capacity 30528K, committed 30768K, reserved 1077248K
  class space    used 3493K, capacity 3619K, committed 3632K, reserved 1048576K
Event: 6.656 GC heap after
Heap after GC invocations=12 (full 1):
 PSYoungGen      total 157696K, used 18115K [0x00000000d6900000, 0x00000000e5b00000, 0x0000000100000000)
  eden space 135680K, 0% used [0x00000000d6900000,0x00000000d6900000,0x00000000ded80000)
  from space 22016K, 82% used [0x00000000ded80000,0x00000000dff30ca8,0x00000000e0300000)
  to   space 23552K, 0% used [0x00000000e4400000,0x00000000e4400000,0x00000000e5b00000)
 ParOldGen       total 60928K, used 41727K [0x0000000083a00000, 0x0000000087580000, 0x00000000d6900000)
  object space 60928K, 68% used [0x0000000083a00000,0x00000000862bff40,0x0000000087580000)
 Metaspace       used 29905K, capacity 30528K, committed 30768K, reserved 1077248K
  class space    used 3493K, capacity 3619K, committed 3632K, reserved 1048576K
}
Event: 6.946 GC heap before
{Heap before GC invocations=13 (full 1):
 PSYoungGen      total 157696K, used 153795K [0x00000000d6900000, 0x00000000e5b00000, 0x0000000100000000)
  eden space 135680K, 100% used [0x00000000d6900000,0x00000000ded80000,0x00000000ded80000)
  from space 22016K, 82% used [0x00000000ded80000,0x00000000dff30ca8,0x00000000e0300000)
  to   space 23552K, 0% used [0x00000000e4400000,0x00000000e4400000,0x00000000e5b00000)
 ParOldGen       total 60928K, used 41727K [0x0000000083a00000, 0x0000000087580000, 0x00000000d6900000)
  object space 60928K, 68% used [0x0000000083a00000,0x00000000862bff40,0x0000000087580000)
 Metaspace       used 29923K, capacity 30598K, committed 30768K, reserved 1077248K
  class space    used 3495K, capacity 3621K, committed 3632K, reserved 1048576K
Event: 6.958 GC heap after
Heap after GC invocations=13 (full 1):
 PSYoungGen      total 222720K, used 18148K [0x00000000d6900000, 0x00000000e5e00000, 0x0000000100000000)
  eden space 199168K, 0% used [0x00000000d6900000,0x00000000d6900000,0x00000000e2b80000)
  from space 23552K, 77% used [0x00000000e4400000,0x00000000e55b9050,0x00000000e5b00000)
  to   space 25088K, 0% used [0x00000000e2b80000,0x00000000e2b80000,0x00000000e4400000)
 ParOldGen       total 60928K, used 44167K [0x0000000083a00000, 0x0000000087580000, 0x00000000d6900000)
  object space 60928K, 72% used [0x0000000083a00000,0x0000000086521fc0,0x0000000087580000)
 Metaspace       used 29923K, capacity 30598K, committed 30768K, reserved 1077248K
  class space    used 3495K, capacity 3621K, committed 3632K, reserved 1048576K
}

